# JRE version: Java(TM) SE Runtime Environment (8.0_191-b12) (build 1.8.0_191-b12)
# Java VM: Java HotSpot(TM) 64-Bit Server VM (25.191-b12 mixed mode windows-amd64 compressed oops)
Heap:
 PSYoungGen      total 18944K, used 8589K [0x00000000eb200000, 0x00000000ed500000, 0x0000000100000000)
  eden space 16384K, 52% used [0x00000000eb200000,0x00000000eba63438,0x00000000ec200000)
  from space 2560K, 0% used [0x00000000ec200000,0x00000000ec200000,0x00000000ec480000)
  to   space 5632K, 0% used [0x00000000ecf80000,0x00000000ecf80000,0x00000000ed500000)
 ParOldGen       total 25088K, used 5547K [0x00000000c1600000, 0x00000000c2e80000, 0x00000000eb200000)
  object space 25088K, 22% used [0x00000000c1600000,0x00000000c1b6ae48,0x00000000c2e80000)
 Metaspace       used 23629K, capacity 24496K, committed 24832K, reserved 1071104K
  class space    used 3007K, capacity 3229K, committed 3328K, reserved 1048576K
GC Heap History (10 events):
Event: 1.817 GC heap before
{Heap before GC invocations=2 (full 0):
 PSYoungGen      total 18944K, used 18943K [0x00000000eb200000, 0x00000000ec700000, 0x0000000100000000)
  eden space 16384K, 100% used [0x00000000eb200000,0x00000000ec200000,0x00000000ec200000)
  from space 2560K, 99% used [0x00000000ec200000,0x00000000ec47ff78,0x00000000ec480000)
  to   space 2560K, 0% used [0x00000000ec480000,0x00000000ec480000,0x00000000ec700000)
 ParOldGen       total 44032K, used 846K [0x00000000c1600000, 0x00000000c4100000, 0x00000000eb200000)
  object space 44032K, 1% used [0x00000000c1600000,0x00000000c16d3ad8,0x00000000c4100000)
 Metaspace       used 13000K, capacity 13216K, committed 13440K, reserved 1060864K
  class space    used 1563K, capacity 1658K, committed 1664K, reserved 1048576K
Event: 1.828 GC heap after
Heap after GC invocations=2 (full 0):
 PSYoungGen      total 18944K, used 2528K [0x00000000eb200000, 0x00000000ed700000, 0x0000000100000000)
  eden space 16384K, 0% used [0x00000000eb200000,0x00000000eb200000,0x00000000ec200000)
  from space 2560K, 98% used [0x00000000ec480000,0x00000000ec6f8020,0x00000000ec700000)
  to   space 2560K, 0% used [0x00000000ec200000,0x00000000ec200000,0x00000000ec480000)
 ParOldGen       total 44032K, used 2999K [0x00000000c1600000, 0x00000000c4100000, 0x00000000eb200000)
  object space 44032K, 6% used [0x00000000c1600000,0x00000000c18eddd8,0x00000000c4100000)
 Metaspace       used 13000K, capacity 13216K, committed 13440K, reserved 1060864K
  class space    used 1563K, capacity 1658K, committed 1664K, reserved 1048576K
}
Event: 3.220 GC heap before
{Heap before GC invocations=3 (full 0):
 PSYoungGen      total 18944K, used 18912K [0x00000000eb200000, 0x00000000ed700000, 0x0000000100000000)
  eden space 16384K, 100% used [0x00000000eb200000,0x00000000ec200000,0x00000000ec200000)
  from space 2560K, 98% used [0x00000000ec480000,0x00000000ec6f8020,0x00000000ec700000)
  to   space 2560K, 0% used [0x00000000ec200000,0x00000000ec200000,0x00000000ec480000)
 ParOldGen       total 44032K, used 2999K [0x00000000c1600000, 0x00000000c4100000, 0x00000000eb200000)
  object space 44032K, 6% used [0x00000000c1600000,0x00000000c18eddd8,0x00000000c4100000)
 Metaspace       used 15474K, capacity 16140K, committed 16256K, reserved 1062912K
  class space    used 1949K, capacity 2146K, committed 2176K, reserved 1048576K
Event: 3.231 GC heap after
Heap after GC invocations=3 (full 0):
 PSYoungGen      total 18944K, used 2544K [0x00000000eb200000, 0x00000000ed700000, 0x0000000100000000)
  eden space 16384K, 0% used [0x00000000eb200000,0x00000000eb200000,0x00000000ec200000)
  from space 2560K, 99% used [0x00000000ec200000,0x00000000ec47c080,0x00000000ec480000)
  to   space 2560K, 0% used [0x00000000ed480000,0x00000000ed480000,0x00000000ed700000)
 ParOldGen       total 44032K, used 5264K [0x00000000c1600000, 0x00000000c4100000, 0x00000000eb200000)
  object space 44032K, 11% used [0x00000000c1600000,0x00000000c1b24310,0x00000000c4100000)
 Metaspace       used 15474K, capacity 16140K, committed 16256K, reserved 1062912K
  class space    used 1949K, capacity 2146K, committed 2176K, reserved 1048576K
}
Event: 55.378 GC heap before
{Heap before GC invocations=4 (full 0):
 PSYoungGen      total 18944K, used 18795K [0x00000000eb200000, 0x00000000ed700000, 0x0000000100000000)
  eden space 16384K, 99% used [0x00000000eb200000,0x00000000ec1debe8,0x00000000ec200000)
  from space 2560K, 99% used [0x00000000ec200000,0x00000000ec47c080,0x00000000ec480000)
  to   space 2560K, 0% used [0x00000000ed480000,0x00000000ed480000,0x00000000ed700000)
 ParOldGen       total 44032K, used 5264K [0x00000000c1600000, 0x00000000c4100000, 0x00000000eb200000)
  object space 44032K, 11% used [0x00000000c1600000,0x00000000c1b24310,0x00000000c4100000)
 Metaspace       used 17442K, capacity 18156K, committed 18304K, reserved 1064960K
  class space    used 2205K, capacity 2420K, committed 2432K, reserved 1048576K
Event: 55.393 GC heap after
Heap after GC invocations=4 (full 0):
 PSYoungGen      total 18944K, used 2533K [0x00000000eb200000, 0x00000000ed700000, 0x0000000100000000)
  eden space 16384K, 0% used [0x00000000eb200000,0x00000000eb200000,0x00000000ec200000)
  from space 2560K, 98% used [0x00000000ed480000,0x00000000ed6f9610,0x00000000ed700000)
  to   space 2560K, 0% used [0x00000000ec200000,0x00000000ec200000,0x00000000ec480000)
 ParOldGen       total 44032K, used 7075K [0x00000000c1600000, 0x00000000c4100000, 0x00000000eb200000)
  object space 44032K, 16% used [0x00000000c1600000,0x00000000c1ce8c48,0x00000000c4100000)
 Metaspace       used 17442K, capacity 18156K, committed 18304K, reserved 1064960K
  class space    used 2205K, capacity 2420K, committed 2432K, reserved 1048576K
}
Event: 95.946 GC heap before
{Heap before GC invocations=5 (full 0):
 PSYoungGen      total 18944K, used 9312K [0x00000000eb200000, 0x00000000ed700000, 0x0000000100000000)
  eden space 16384K, 41% used [0x00000000eb200000,0x00000000eb89eac8,0x00000000ec200000)
  from space 2560K, 98% used [0x00000000ed480000,0x00000000ed6f9610,0x00000000ed700000)
  to   space 2560K, 0% used [0x00000000ec200000,0x00000000ec200000,0x00000000ec480000)
 ParOldGen       total 44032K, used 7075K [0x00000000c1600000, 0x00000000c4100000, 0x00000000eb200000)
  object space 44032K, 16% used [0x00000000c1600000,0x00000000c1ce8c48,0x00000000c4100000)
 Metaspace       used 20335K, capacity 21118K, committed 21248K, reserved 1067008K
  class space    used 2546K, capacity 2770K, committed 2816K, reserved 1048576K
Event: 95.953 GC heap after
Heap after GC invocations=5 (full 0):
 PSYoungGen      total 18944K, used 2544K [0x00000000eb200000, 0x00000000ed500000, 0x0000000100000000)
  eden space 16384K, 0% used [0x00000000eb200000,0x00000000eb200000,0x00000000ec200000)
  from space 2560K, 99% used [0x00000000ec200000,0x00000000ec47c050,0x00000000ec480000)
  to   space 5632K, 0% used [0x00000000ecf80000,0x00000000ecf80000,0x00000000ed500000)
 ParOldGen       total 44032K, used 7629K [0x00000000c1600000, 0x00000000c4100000, 0x00000000eb200000)
  object space 44032K, 17% used [0x00000000c1600000,0x00000000c1d73728,0x00000000c4100000)
 Metaspace       used 20335K, capacity 21118K, committed 21248K, reserved 1067008K
  class space    used 2546K, capacity 2770K, committed 2816K, reserved 1048576K
}
Event: 95.953 GC heap before
{Heap before GC invocations=6 (full 1):
 PSYoungGen      total 18944K, used 2544K [0x00000000eb200000, 0x00000000ed500000, 0x0000000100000000)
  eden space 16384K, 0% used [0x00000000eb200000,0x00000000eb200000,0x00000000ec200000)
  from space 2560K, 99% used [0x00000000ec200000,0x00000000ec47c050,0x00000000ec480000)
  to   space 5632K, 0% used [0x00000000ecf80000,0x00000000ecf80000,0x00000000ed500000)
 ParOldGen       total 44032K, used 7629K [0x00000000c1600000, 0x00000000c4100000, 0x00000000eb200000)
  object space 44032K, 17% used [0x00000000c1600000,0x00000000c1d73728,0x00000000c4100000)
 Metaspace       used 20335K, capacity 21118K, committed 21248K, reserved 1067008K
  class space    used 2546K, capacity 2770K, committed 2816K, reserved 1048576K
Event: 96.006 GC heap after
Heap after GC invocations=6 (full 1):
 PSYoungGen      total 18944K, used 0K [0x00000000eb200000, 0x00000000ed500000, 0x0000000100000000)
  eden space 16384K, 0% used [0x00000000eb200000,0x00000000eb200000,0x00000000ec200000)
  from space 2560K, 0% used [0x00000000ec200000,0x00000000ec200000,0x00000000ec480000)
  to   space 5632K, 0% used [0x00000000ecf80000,0x00000000ecf80000,0x00000000ed500000)
 ParOldGen       total 25088K, used 5547K [0x00000000c1600000, 0x00000000c2e80000, 0x00000000eb200000)
  object space 25088K, 22% used [0x00000000c1600000,0x00000000c1b6ae48,0x00000000c2e80000)
 Metaspace       used 20335K, capacity 21118K, committed 21248K, reserved 1067008K
  class space    used 2546K, capacity 2770K, committed 2816K, reserved 1048576K
}

