<?xml version="1.0" encoding="UTF-8"?>
<!-- Generated by org.testng.reporters.JUnitXMLReporter -->
<testsuite hostname="DESKTOP-9VF53AB" ignored="0" name="Test" tests="1" failures="1" timestamp="19 Oct 2020 17:42:37 GMT" time="248.741" errors="0">
  <testcase name="VerifyStates" time="91.888" classname="com.ArenaPages.VerifySubscribeState">
    <failure type="org.openqa.selenium.ElementClickInterceptedException" message="Element &amp;lt;select id=&amp;quot;shm_dealerstate&amp;quot; class=&amp;quot;form-control custom_select city&amp;quot; name=&amp;quot;shm_state&amp;quot;&amp;gt; is not clickable at point (674,355) because another element &amp;lt;div id=&amp;quot;shmloader&amp;quot; class=&amp;quot;in&amp;quot;&amp;gt; obscures it
Build info: version: &amp;apos;3.14.0&amp;apos;, revision: &amp;apos;aacccce0&amp;apos;, time: &amp;apos;2018-08-02T20:19:58.91Z&amp;apos;
System info: host: &amp;apos;DESKTOP-9VF53AB&amp;apos;, ip: &amp;apos;192.168.218.2&amp;apos;, os.name: &amp;apos;Windows 10&amp;apos;, os.arch: &amp;apos;amd64&amp;apos;, os.version: &amp;apos;10.0&amp;apos;, java.version: &amp;apos;1.8.0_191&amp;apos;
Driver info: org.openqa.selenium.firefox.FirefoxDriver
Capabilities {acceptInsecureCerts: true, browserName: firefox, browserVersion: 72.0.2, javascriptEnabled: true, moz:accessibilityChecks: false, moz:buildID: 20200117190643, moz:geckodriverVersion: 0.23.0, moz:headless: false, moz:processID: 2752, moz:profile: C:\Users\AGL\AppData\Local\..., moz:shutdownTimeout: 60000, moz:useNonSpecCompliantPointerOrigin: false, moz:webdriverClick: true, pageLoadStrategy: normal, platform: WINDOWS, platformName: WINDOWS, platformVersion: 10.0, rotatable: false, setWindowRect: true, strictFileInteractability: false, timeouts: {implicit: 0, pageLoad: 300000, script: 30000}, unhandledPromptBehavior: dismiss and notify}
Session ID: dd078a25-aac5-4487-9930-32a733d883a2">
      <![CDATA[org.openqa.selenium.ElementClickInterceptedException: Element <select id="shm_dealerstate" class="form-control custom_select city" name="shm_state"> is not clickable at point (674,355) because another element <div id="shmloader" class="in"> obscures it
Build info: version: '3.14.0', revision: 'aacccce0', time: '2018-08-02T20:19:58.91Z'
System info: host: 'DESKTOP-9VF53AB', ip: '192.168.218.2', os.name: 'Windows 10', os.arch: 'amd64', os.version: '10.0', java.version: '1.8.0_191'
Driver info: org.openqa.selenium.firefox.FirefoxDriver
Capabilities {acceptInsecureCerts: true, browserName: firefox, browserVersion: 72.0.2, javascriptEnabled: true, moz:accessibilityChecks: false, moz:buildID: 20200117190643, moz:geckodriverVersion: 0.23.0, moz:headless: false, moz:processID: 2752, moz:profile: C:\Users\AGL\AppData\Local\..., moz:shutdownTimeout: 60000, moz:useNonSpecCompliantPointerOrigin: false, moz:webdriverClick: true, pageLoadStrategy: normal, platform: WINDOWS, platformName: WINDOWS, platformVersion: 10.0, rotatable: false, setWindowRect: true, strictFileInteractability: false, timeouts: {implicit: 0, pageLoad: 300000, script: 30000}, unhandledPromptBehavior: dismiss and notify}
Session ID: dd078a25-aac5-4487-9930-32a733d883a2
at org.openqa.selenium.remote.http.W3CHttpResponseCodec.createException(W3CHttpResponseCodec.java:187)
at org.openqa.selenium.remote.http.W3CHttpResponseCodec.decode(W3CHttpResponseCodec.java:122)
at org.openqa.selenium.remote.http.W3CHttpResponseCodec.decode(W3CHttpResponseCodec.java:49)
at org.openqa.selenium.remote.HttpCommandExecutor.execute(HttpCommandExecutor.java:158)
at org.openqa.selenium.remote.service.DriverCommandExecutor.execute(DriverCommandExecutor.java:83)
at org.openqa.selenium.remote.RemoteWebDriver.execute(RemoteWebDriver.java:548)
at org.openqa.selenium.remote.RemoteWebElement.execute(RemoteWebElement.java:276)
at org.openqa.selenium.remote.RemoteWebElement.click(RemoteWebElement.java:83)
at com.ArenaPages.VerifySubscribeState.verifyState(VerifySubscribeState.java:43)
at com.ArenaPages.VerifySubscribeState.VerifyStates(VerifySubscribeState.java:27)
... Removed 29 stack frames]]>
    </failure>
  </testcase> <!-- VerifyStates -->
</testsuite> <!-- Test -->
