<?xml version="1.0" encoding="UTF-8"?>
<testng-results skipped="0" failed="1" ignored="0" total="1" passed="0">
  <reporter-output>
  </reporter-output>
  <suite name="Default suite" duration-ms="52410" started-at="2019-05-27T08:57:42Z" finished-at="2019-05-27T08:58:34Z">
    <groups>
    </groups>
    <test name="Default test" duration-ms="52410" started-at="2019-05-27T08:57:42Z" finished-at="2019-05-27T08:58:34Z">
      <class name="com.AglArena.GetPriceListTestforAllCars">
        <test-method status="PASS" signature="startUp()[pri:0, instance:com.AglArena.GetPriceListTestforAllCars@6093dd95]" name="startUp" is-config="true" duration-ms="21754" started-at="2019-05-27T08:57:42Z" finished-at="2019-05-27T08:58:04Z">
          <reporter-output>
          </reporter-output>
        </test-method> <!-- startUp -->
        <test-method status="FAIL" signature="AltoPriceTest()[pri:0, instance:com.AglArena.GetPriceListTestforAllCars@6093dd95]" name="AltoPriceTest" duration-ms="30577" started-at="2019-05-27T08:58:04Z" finished-at="2019-05-27T08:58:34Z">
          <exception class="java.lang.AssertionError">
            <message>
              <![CDATA[expected [₹2,93,688.00] but found [₹2,93,689.00]]]>
            </message>
            <full-stacktrace>
              <![CDATA[java.lang.AssertionError: expected [₹2,93,688.00] but found [₹2,93,689.00]
at org.testng.Assert.fail(Assert.java:96)
at org.testng.Assert.failNotEquals(Assert.java:776)
at org.testng.Assert.assertEqualsImpl(Assert.java:137)
at org.testng.Assert.assertEquals(Assert.java:118)
at org.testng.Assert.assertEquals(Assert.java:453)
at org.testng.Assert.assertEquals(Assert.java:463)
at com.ArenaPages.PriceListElements.AltoPriceList(PriceListElements.java:69)
at com.AglArena.GetPriceListTestforAllCars.AltoPriceTest(GetPriceListTestforAllCars.java:13)
at sun.reflect.NativeMethodAccessorImpl.invoke0(Native Method)
at sun.reflect.NativeMethodAccessorImpl.invoke(Unknown Source)
at sun.reflect.DelegatingMethodAccessorImpl.invoke(Unknown Source)
at java.lang.reflect.Method.invoke(Unknown Source)
at org.testng.internal.MethodInvocationHelper.invokeMethod(MethodInvocationHelper.java:124)
at org.testng.internal.Invoker.invokeMethod(Invoker.java:583)
at org.testng.internal.Invoker.invokeTestMethod(Invoker.java:719)
at org.testng.internal.Invoker.invokeTestMethods(Invoker.java:989)
at org.testng.internal.TestMethodWorker.invokeTestMethods(TestMethodWorker.java:125)
at org.testng.internal.TestMethodWorker.run(TestMethodWorker.java:109)
at org.testng.TestRunner.privateRun(TestRunner.java:648)
at org.testng.TestRunner.run(TestRunner.java:505)
at org.testng.SuiteRunner.runTest(SuiteRunner.java:455)
at org.testng.SuiteRunner.runSequentially(SuiteRunner.java:450)
at org.testng.SuiteRunner.privateRun(SuiteRunner.java:415)
at org.testng.SuiteRunner.run(SuiteRunner.java:364)
at org.testng.SuiteRunnerWorker.runSuite(SuiteRunnerWorker.java:52)
at org.testng.SuiteRunnerWorker.run(SuiteRunnerWorker.java:84)
at org.testng.TestNG.runSuitesSequentially(TestNG.java:1208)
at org.testng.TestNG.runSuitesLocally(TestNG.java:1137)
at org.testng.TestNG.runSuites(TestNG.java:1049)
at org.testng.TestNG.run(TestNG.java:1017)
at org.testng.remote.AbstractRemoteTestNG.run(AbstractRemoteTestNG.java:114)
at org.testng.remote.RemoteTestNG.initAndRun(RemoteTestNG.java:251)
at org.testng.remote.RemoteTestNG.main(RemoteTestNG.java:77)
]]>
            </full-stacktrace>
          </exception> <!-- java.lang.AssertionError -->
          <reporter-output>
          </reporter-output>
        </test-method> <!-- AltoPriceTest -->
        <test-method status="PASS" signature="screenShot(org.testng.ITestResult)[pri:0, instance:com.AglArena.GetPriceListTestforAllCars@6093dd95]" name="screenShot" is-config="true" duration-ms="16" started-at="2019-05-27T08:58:34Z" finished-at="2019-05-27T08:58:34Z">
          <params>
            <param index="0">
              <value>
                <![CDATA[[TestResult name=AltoPriceTest status=FAILURE method=GetPriceListTestforAllCars.AltoPriceTest()[pri:0, instance:com.AglArena.GetPriceListTestforAllCars@6093dd95] output={null}]]]>
              </value>
            </param>
          </params>
          <reporter-output>
          </reporter-output>
        </test-method> <!-- screenShot -->
      </class> <!-- com.AglArena.GetPriceListTestforAllCars -->
    </test> <!-- Default test -->
  </suite> <!-- Default suite -->
</testng-results>
